{
  "stats": {
    "suites": 1,
    "tests": 1,
    "passes": 0,
    "pending": 0,
    "failures": 1,
    "start": "2022-01-17T08:45:36.642Z",
    "end": "2022-01-17T08:45:37.494Z",
    "duration": 852,
    "testsRegistered": 1,
    "passPercent": 0,
    "pendingPercent": 0,
    "other": 0,
    "hasOther": false,
    "skipped": 0,
    "hasSkipped": false
  },
  "results": [
    {
      "uuid": "683b2e1c-0b37-4ca3-b008-b713423aa352",
      "title": "",
      "fullFile": "cypress/integration/API-Testing/Delete_one_booking.spec.js",
      "file": "cypress/integration/API-Testing/Delete_one_booking.spec.js",
      "beforeHooks": [],
      "afterHooks": [],
      "tests": [],
      "suites": [
        {
          "uuid": "94233074-07d4-4ce0-940d-2a06d2948092",
          "title": "Update_one_booking",
          "fullFile": "",
          "file": "",
          "beforeHooks": [],
          "afterHooks": [],
          "tests": [
            {
              "title": "Delete booking by id",
              "fullTitle": "Update_one_booking Delete booking by id",
              "timedOut": null,
              "duration": 745,
              "state": "failed",
              "speed": null,
              "pass": false,
              "fail": true,
              "pending": false,
              "context": null,
              "code": "cy.request({\n  method: 'DELETE',\n  url: 'https://restful-booker.herokuapp.com/booking/1',\n  headers: {\n    'content-type': 'application/json',\n    'Cookie': \"token=\" + Token + \"\"\n  }\n}).then(response => {\n  //This test case is failed as it is not working according to expectations. \n  expect(response.status).equals(200);\n  expect(response.body).equals('Deleted');\n});",
              "err": {
                "message": "AssertionError: expected 201 to equal 200",
                "estack": "AssertionError: expected 201 to equal 200\n    at Context.eval (http://uitestingplayground.com/__cypress/tests?p=cypress\\integration\\API-Testing\\Delete_one_booking.spec.js:121:31)",
                "diff": "- 201\n+ 200\n"
              },
              "uuid": "ce3faacb-7632-4889-93e0-7406eb813a54",
              "parentUUID": "94233074-07d4-4ce0-940d-2a06d2948092",
              "isHook": false,
              "skipped": false
            }
          ],
          "suites": [],
          "passes": [],
          "failures": [
            "ce3faacb-7632-4889-93e0-7406eb813a54"
          ],
          "pending": [],
          "skipped": [],
          "duration": 745,
          "root": false,
          "rootEmpty": false,
          "_timeout": 2000
        }
      ],
      "passes": [],
      "failures": [],
      "pending": [],
      "skipped": [],
      "duration": 0,
      "root": true,
      "rootEmpty": true,
      "_timeout": 2000
    }
  ],
  "meta": {
    "mocha": {
      "version": "7.0.1"
    },
    "mochawesome": {
      "options": {
        "quiet": false,
        "reportFilename": "mochawesome",
        "saveHtml": false,
        "saveJson": true,
        "consoleReporter": "spec",
        "useInlineDiffs": false,
        "code": true
      },
      "version": "7.0.1"
    },
    "marge": {
      "options": {
        "overwrite": false,
        "html": false,
        "json": true
      },
      "version": "6.0.1"
    }
  }
}