{
  "stats": {
    "suites": 1,
    "tests": 1,
    "passes": 1,
    "pending": 0,
    "failures": 0,
    "start": "2022-01-17T08:45:48.233Z",
    "end": "2022-01-17T08:47:30.912Z",
    "duration": 102679,
    "testsRegistered": 1,
    "passPercent": 100,
    "pendingPercent": 0,
    "other": 0,
    "hasOther": false,
    "skipped": 0,
    "hasSkipped": false
  },
  "results": [
    {
      "uuid": "c65c63e3-4d0f-4681-bc2e-0bafcff0ebda",
      "title": "",
      "fullFile": "cypress/integration/Front-end/Brokenlinkverification.spec.js",
      "file": "cypress/integration/Front-end/Brokenlinkverification.spec.js",
      "beforeHooks": [],
      "afterHooks": [],
      "tests": [],
      "suites": [
        {
          "uuid": "257aa8ce-97db-4c6f-8e83-190eebe58ef9",
          "title": "QA task Suite",
          "fullFile": "",
          "file": "",
          "beforeHooks": [],
          "afterHooks": [],
          "tests": [
            {
              "title": "Broken Link Verification",
              "fullTitle": "QA task Suite Broken Link Verification",
              "timedOut": null,
              "duration": 102465,
              "state": "passed",
              "speed": "slow",
              "pass": true,
              "fail": false,
              "pending": false,
              "context": null,
              "code": "cy.visit('/');\nvar page = ['/', 'home', 'resources', 'dynamicid', 'classattr', 'hiddenlayers', 'loaddelay', 'ajax', 'clientdelay', 'click', 'textinput', 'scrollbars', 'dynamictable', 'verifytext', 'progressbar', 'visibility', 'sampleapp', 'mouseover', 'nbsp', 'overlapped'];\nvar anotherpage = [Cypress.config('rob'), Cypress.config('bob'), Cypress.config('git'), Cypress.config('ra'), Cypress.config('ini'), Cypress.config('ap')];\nvar i = 0;\nvar k = 0;\ncy.get('a').each(items => {\n  var texf = items.text();\n  if (texf === \"CC 4.0 BY-NC\" || texf === \"Rubik's Cube \" || texf === \"Fork the website on GitHub\" || texf === \"Rapise\" || texf === \"Inflectra Corporation\" || texf === \"Apache License 2.0\") {\n    //cy.forceVisit(anotherpage[k])\n    // cy.go('back')\n    // k++;\n    cy.log(\"Cross-origin not supported,if you want to see its behaviour please uncomments above line and npx cypress open and run that particular file\");\n  } else {\n    if (page[i] != null) {\n      cy.request(page[i]).should(response => {\n        expect(response.status).to.eq(200);\n      }).then(() => {\n        cy.visit(page[i]);\n        cy.contains(texf).click().should(\"not.have.attr\", \"href\", \"#undefined\");\n        cy.go('back');\n        cy.wait(3000);\n        i++;\n      });\n    }\n  }\n});",
              "err": {},
              "uuid": "1945492c-9d50-4c2d-a8d9-047a9f4bce49",
              "parentUUID": "257aa8ce-97db-4c6f-8e83-190eebe58ef9",
              "isHook": false,
              "skipped": false
            }
          ],
          "suites": [],
          "passes": [
            "1945492c-9d50-4c2d-a8d9-047a9f4bce49"
          ],
          "failures": [],
          "pending": [],
          "skipped": [],
          "duration": 102465,
          "root": false,
          "rootEmpty": false,
          "_timeout": 2000
        }
      ],
      "passes": [],
      "failures": [],
      "pending": [],
      "skipped": [],
      "duration": 0,
      "root": true,
      "rootEmpty": true,
      "_timeout": 2000
    }
  ],
  "meta": {
    "mocha": {
      "version": "7.0.1"
    },
    "mochawesome": {
      "options": {
        "quiet": false,
        "reportFilename": "mochawesome",
        "saveHtml": false,
        "saveJson": true,
        "consoleReporter": "spec",
        "useInlineDiffs": false,
        "code": true
      },
      "version": "7.0.1"
    },
    "marge": {
      "options": {
        "overwrite": false,
        "html": false,
        "json": true
      },
      "version": "6.0.1"
    }
  }
}